<?xml version="1.0" encoding="UTF-8"?>
<testng-results ignored="0" total="2" passed="2" failed="0" skipped="0">
  <reporter-output>
  </reporter-output>
  <suite started-at="2024-09-23T13:07:14 IST" name="SmokeTestSuite" finished-at="2024-09-23T13:07:15 IST" duration-ms="912">
    <groups>
    </groups>
    <test started-at="2024-09-23T13:07:14 IST" name="SmokeTests" finished-at="2024-09-23T13:07:15 IST" duration-ms="912">
      <class name="tests.UserTests">
        <test-method is-config="true" signature="setUp()[pri:0, instance:tests.UserTests@4387b79e]" started-at="2024-09-23T13:07:09 IST" name="setUp" finished-at="2024-09-23T13:07:14 IST" duration-ms="5460" status="PASS">
          <reporter-output>
          </reporter-output>
        </test-method> <!-- setUp -->
        <test-method signature="testCreateUser()[pri:0, instance:tests.UserTests@4387b79e]" started-at="2024-09-23T13:07:14 IST" name="testCreateUser" finished-at="2024-09-23T13:07:15 IST" duration-ms="612" status="PASS">
          <reporter-output>
          </reporter-output>
        </test-method> <!-- testCreateUser -->
        <test-method signature="testGetUser()[pri:0, instance:tests.UserTests@4387b79e]" started-at="2024-09-23T13:07:15 IST" name="testGetUser" finished-at="2024-09-23T13:07:15 IST" duration-ms="246" status="PASS">
          <reporter-output>
          </reporter-output>
        </test-method> <!-- testGetUser -->
        <test-method is-config="true" signature="tearDown()[pri:0, instance:tests.UserTests@4387b79e]" started-at="2024-09-23T13:07:15 IST" name="tearDown" finished-at="2024-09-23T13:07:16 IST" duration-ms="667" status="PASS">
          <reporter-output>
          </reporter-output>
        </test-method> <!-- tearDown -->
      </class> <!-- tests.UserTests -->
    </test> <!-- SmokeTests -->
  </suite> <!-- SmokeTestSuite -->
</testng-results>
